<?xml version="1.0" encoding="UTF-8"?>
<!-- Generated by org.testng.reporters.JUnitXMLReporter -->
<testsuite ignored="0" hostname="DESKTOP-SD0R73F" failures="0" tests="2" name="Test" time="306.325" errors="0" timestamp="2023-02-06T22:44:40 ICT">
  <testcase classname="projects.crm.com.web.crm.testcases.SignInTest" name="testLogin" time="32.047"/>
  <testcase classname="projects.crm.com.web.crm.testcases.SignInTest" name="testLoginWithUsernameInValid" time="106.753"/>
</testsuite> <!-- Test -->
